<?xml version="1.0" encoding="UTF-8"?>
<testng-results ignored="0" total="1" passed="1" failed="0" skipped="0">
  <reporter-output>
  </reporter-output>
  <suite started-at="2020-08-24T12:30:36Z" name="Default suite" finished-at="2020-08-24T12:31:14Z" duration-ms="38094">
    <groups>
    </groups>
    <test started-at="2020-08-24T12:30:36Z" name="Default test" finished-at="2020-08-24T12:31:14Z" duration-ms="38094">
      <class name="Testmodule.BobbleTestscen">
        <test-method signature="BobbleTestCase()[pri:0, instance:Testmodule.BobbleTestscen@12d3a4e9]" started-at="2020-08-24T12:30:36Z" name="BobbleTestCase" finished-at="2020-08-24T12:31:14Z" duration-ms="38075" status="PASS">
          <reporter-output>
          </reporter-output>
        </test-method> <!-- BobbleTestCase -->
      </class> <!-- Testmodule.BobbleTestscen -->
    </test> <!-- Default test -->
  </suite> <!-- Default suite -->
</testng-results>
